




#include <stdio.h>
#include <string.h>

#define MAXLEN 100

int isWhiteSpace(char c) {
    if (c == " " || c == "\t" || c == "\n") {
        return 1;
    } else {return 0;}
}

int main(void) {
    FILE *fin = fopen("day009.in", "r");
    FILE *fout = fopen("day009.out", "w"); 

    char line[MAXLEN]; 
    int comment = 0; 

    
    
    while (1) {
        fgets(line, MAXLEN, fin);

        for (int i = 0; i < strlen(line) - 1; i++) {
            if (isWhiteSpace(line[i])) {continue;}
            
            if (comment == 0 && line[i] == "/") {
                comment = 1;
            } else if (comment == 1 && line[i] == "/") {
                comment = 2; break;
            } else if (comment == 1 && line[i] == "*") {
                comment = 3; break;
            } else if (comment == 3 && line[i] == "*") {
                comment = 4;
            } else if (comment == 4 && line[i] == "/") {
                comment = 5;
            }
        }

        if (comment == 2 || comment == 5) {
            comment = 0;
            continue;
        } else if (comment == 3) {
            continue;
        } else {
            for (int i = 0; i < strlen(line) - 1; i++) {
                fputc(line[i], fout);
            }
            if (!feof(fin)) {fputc("\n", fout);}
        }

        if (feof(fin)) {
            break;
        }
    }

    fclose(fin);
    fclose(fout);

    return 0;
}